<?xml version="1.0" encoding="UTF-8"?>
<!-- Generated by org.testng.reporters.JUnitReportReporter -->
<testsuite hostname="LAPTOP-HBMT7NDF" failures="0" tests="7" name="testCases.TC_003_LoginDDT" time="44.831" errors="0" timestamp="2023-12-01T20:47:31 CST" skipped="0">
  <testcase classname="testCases.TC_003_LoginDDT" name="verify_loginDDT" time="2.604"/>
  <testcase classname="testCases.TC_003_LoginDDT" name="verify_loginDDT" time="2.381"/>
  <testcase classname="testCases.TC_003_LoginDDT" name="verify_loginDDT" time="11.283"/>
  <testcase classname="testCases.TC_003_LoginDDT" name="verify_loginDDT" time="11.655"/>
  <testcase classname="testCases.TC_003_LoginDDT" name="verify_loginDDT" time="3.143"/>
  <testcase classname="testCases.TC_003_LoginDDT" name="verify_loginDDT" time="11.560"/>
  <testcase classname="testCases.TC_003_LoginDDT" name="verify_loginDDT" time="2.205"/>
</testsuite> <!-- testCases.TC_003_LoginDDT -->
