<?xml version="1.0" encoding="UTF-8"?>
<!-- Generated by org.testng.reporters.JUnitReportReporter -->
<testsuite hostname="LAPTOP-HBMT7NDF" failures="0" tests="1" name="testCases.TC_001_AccountRegistrationTest" time="3.272" errors="0" timestamp="2023-12-03T20:54:33 CST" skipped="0">
  <testcase classname="testCases.TC_001_AccountRegistrationTest" name="verify_account_registration" time="3.272"/>
</testsuite> <!-- testCases.TC_001_AccountRegistrationTest -->
