<?xml version="1.0" encoding="UTF-8"?>
<!-- Generated by org.testng.reporters.JUnitReportReporter -->
<testsuite hostname="LAPTOP-HBMT7NDF" failures="0" tests="1" name="testCases.TC_001_AccountRegistrationTest" time="7.330" errors="0" timestamp="2023-12-07T22:06:23 CST" skipped="0">
  <testcase classname="testCases.TC_001_AccountRegistrationTest" name="verify_account_registration" time="7.330"/>
</testsuite> <!-- testCases.TC_001_AccountRegistrationTest -->
