<?xml version="1.0" encoding="UTF-8"?>
<!-- Generated by org.testng.reporters.JUnitReportReporter -->
<testsuite hostname="LAPTOP-HBMT7NDF" failures="0" tests="1" name="testCases.TC_002_LoginTest" time="1.776" errors="0" timestamp="2023-12-07T22:06:23 CST" skipped="0">
  <testcase classname="testCases.TC_002_LoginTest" name="verify_login" time="1.776"/>
</testsuite> <!-- testCases.TC_002_LoginTest -->
